This is pdfTeX, Version 3.1415926-2.4-1.40.13 (TeX Live 2012) (format=pdflatex 2014.10.26)  27 OCT 2014 11:14
entering extended mode
 restricted \write18 enabled.
 %&-line parsing enabled.
**\input Steger_2014_Gravlite.tex
(./Steger_2014_Gravlite.tex (./mn2e.cls
Document Class: mn2e 2001/02/06 v2.2 LaTeX2e MN document class
Document Style `MN' v2.2, released 2001 February 20
\math@groups=\toks14
LaTeX Font Info:    Overwriting symbol font `symbols' in version `bold'
(Font)                  OMS/cmsy/b/n --> OMS/cmsy/b/n on input line 223.
\symbmisymbols=\mathgroup4
\symUPM=\mathgroup5
LaTeX Font Info:    Overwriting symbol font `UPM' in version `bold'
(Font)                  U/eur/m/n --> U/eur/b/n on input line 260.
\symAMSa=\mathgroup6
\SFB@measure=\dimen102
\realparindent=\skip41
\c@part=\count79
\c@section=\count80
\c@subsection=\count81
\c@subsubsection=\count82
\c@paragraph=\count83
\c@subparagraph=\count84
\@indentskip=\skip42
\smallindent=\skip43
\@footindent=\skip44
\@leftskip=\skip45
\c@dummy=\count85
(/usr/share/texmf-dist/tex/latex/natbib/natbib.sty
Package: natbib 2010/09/13 8.31b (PWD, AO)
\bibhang=\skip46
\bibsep=\skip47
LaTeX Info: Redefining \cite on input line 694.
\c@NAT@ctr=\count86
)
\c@table=\count87
\c@figure=\count88
\mathindent=\dimen103
) (./myaasmacros.sty
Document Style `myaasmacros' by Mark Sullivan <April 2001>.
) (/usr/share/texmf-dist/tex/latex/graphics/graphicx.sty
Package: graphicx 1999/02/16 v1.0f Enhanced LaTeX Graphics (DPC,SPQR)

(/usr/share/texmf-dist/tex/latex/graphics/keyval.sty
Package: keyval 1999/03/16 v1.13 key=value parser (DPC)
\KV@toks@=\toks15
)
(/usr/share/texmf-dist/tex/latex/graphics/graphics.sty
Package: graphics 2009/02/05 v1.0o Standard LaTeX Graphics (DPC,SPQR)

(/usr/share/texmf-dist/tex/latex/graphics/trig.sty
Package: trig 1999/03/16 v1.09 sin cos tan (DPC)
)
(/usr/share/texmf-dist/tex/latex/latexconfig/graphics.cfg
File: graphics.cfg 2010/04/23 v1.9 graphics configuration of TeX Live
)
Package graphics Info: Driver file: pdftex.def on input line 91.

(/usr/share/texmf-dist/tex/latex/pdftex-def/pdftex.def
File: pdftex.def 2011/05/27 v0.06d Graphics/color for pdfTeX

(/usr/share/texmf-dist/tex/generic/oberdiek/infwarerr.sty
Package: infwarerr 2010/04/08 v1.3 Providing info/warning/error messages (HO)
)
(/usr/share/texmf-dist/tex/generic/oberdiek/ltxcmds.sty
Package: ltxcmds 2011/11/09 v1.22 LaTeX kernel commands for general use (HO)
)
\Gread@gobject=\count89
))
\Gin@req@height=\dimen104
\Gin@req@width=\dimen105
)
(/usr/share/texmf-dist/tex/generic/ulem/ulem.sty
\UL@box=\box26
\UL@hyphenbox=\box27
\UL@skip=\skip48
\UL@hook=\toks16
\UL@height=\dimen106
\UL@pe=\count90
\UL@pixel=\dimen107
\ULC@box=\box28
Package: ulem 2012/05/18
\ULdepth=\dimen108
)
(/usr/share/texmf-dist/tex/latex/graphics/color.sty
Package: color 2005/11/14 v1.0j Standard LaTeX Color (DPC)

(/usr/share/texmf-dist/tex/latex/latexconfig/color.cfg
File: color.cfg 2007/01/18 v1.5 color configuration of teTeX/TeXLive
)
Package color Info: Driver file: pdftex.def on input line 130.
)
(/usr/share/texmf-dist/tex/latex/amsmath/amsmath.sty
Package: amsmath 2000/07/18 v2.13 AMS math features
\@mathmargin=\skip49

For additional information on amsmath, use the `?' option.
(/usr/share/texmf-dist/tex/latex/amsmath/amstext.sty
Package: amstext 2000/06/29 v2.01

(/usr/share/texmf-dist/tex/latex/amsmath/amsgen.sty
File: amsgen.sty 1999/11/30 v2.0
\@emptytoks=\toks17
\ex@=\dimen109
))
(/usr/share/texmf-dist/tex/latex/amsmath/amsbsy.sty
Package: amsbsy 1999/11/29 v1.2d
\pmbraise@=\dimen110
)
(/usr/share/texmf-dist/tex/latex/amsmath/amsopn.sty
Package: amsopn 1999/12/14 v2.01 operator names
)
\inf@bad=\count91
LaTeX Info: Redefining \frac on input line 211.
\uproot@=\count92
\leftroot@=\count93
LaTeX Info: Redefining \overline on input line 307.
\classnum@=\count94
\DOTSCASE@=\count95
LaTeX Info: Redefining \ldots on input line 379.
LaTeX Info: Redefining \dots on input line 382.
LaTeX Info: Redefining \cdots on input line 467.
\Mathstrutbox@=\box29
\strutbox@=\box30
\big@size=\dimen111
LaTeX Font Info:    Redeclaring font encoding OML on input line 567.
LaTeX Font Info:    Redeclaring font encoding OMS on input line 568.
\macc@depth=\count96
\c@MaxMatrixCols=\count97
\dotsspace@=\muskip10
\c@parentequation=\count98
\dspbrk@lvl=\count99
\tag@help=\toks18
\row@=\count100
\column@=\count101
\maxfields@=\count102
\andhelp@=\toks19
\eqnshift@=\dimen112
\alignsep@=\dimen113
\tagshift@=\dimen114
\tagwidth@=\dimen115
\totwidth@=\dimen116
\lineht@=\dimen117
\@envbody=\toks20
\multlinegap=\skip50
\multlinetaggap=\skip51
\mathdisplay@stack=\toks21
LaTeX Info: Redefining \[ on input line 2666.
LaTeX Info: Redefining \] on input line 2667.
)
\symmathx=\mathgroup7

(/usr/share/texmf-dist/tex/latex/hyperref/hyperref.sty
Package: hyperref 2012/05/13 v6.82q Hypertext links for LaTeX

(/usr/share/texmf-dist/tex/generic/oberdiek/hobsub-hyperref.sty
Package: hobsub-hyperref 2012/05/28 v1.13 Bundle oberdiek, subset hyperref (HO)


(/usr/share/texmf-dist/tex/generic/oberdiek/hobsub-generic.sty
Package: hobsub-generic 2012/05/28 v1.13 Bundle oberdiek, subset generic (HO)
Package: hobsub 2012/05/28 v1.13 Construct package bundles (HO)
Package hobsub Info: Skipping package `infwarerr' (already loaded).
Package hobsub Info: Skipping package `ltxcmds' (already loaded).
Package: ifluatex 2010/03/01 v1.3 Provides the ifluatex switch (HO)
Package ifluatex Info: LuaTeX not detected.
Package: ifvtex 2010/03/01 v1.5 Detect VTeX and its facilities (HO)
Package ifvtex Info: VTeX not detected.
Package: intcalc 2007/09/27 v1.1 Expandable calculations with integers (HO)
Package: ifpdf 2011/01/30 v2.3 Provides the ifpdf switch (HO)
Package ifpdf Info: pdfTeX in PDF mode is detected.
Package: etexcmds 2011/02/16 v1.5 Avoid name clashes with e-TeX commands (HO)
Package etexcmds Info: Could not find \expanded.
(etexcmds)             That can mean that you are not using pdfTeX 1.50 or
(etexcmds)             that some package has redefined \expanded.
(etexcmds)             In the latter case, load this package earlier.
Package: kvsetkeys 2012/04/25 v1.16 Key value parser (HO)
Package: kvdefinekeys 2011/04/07 v1.3 Define keys (HO)
Package: pdftexcmds 2011/11/29 v0.20 Utility functions of pdfTeX for LuaTeX (HO
)
Package pdftexcmds Info: LuaTeX not detected.
Package pdftexcmds Info: \pdf@primitive is available.
Package pdftexcmds Info: \pdf@ifprimitive is available.
Package pdftexcmds Info: \pdfdraftmode found.
Package: pdfescape 2011/11/25 v1.13 Implements pdfTeX's escape features (HO)
Package: bigintcalc 2012/04/08 v1.3 Expandable calculations on big integers (HO
)
Package: bitset 2011/01/30 v1.1 Handle bit-vector datatype (HO)
Package: uniquecounter 2011/01/30 v1.2 Provide unlimited unique counter (HO)
)
Package hobsub Info: Skipping package `hobsub' (already loaded).
Package: letltxmacro 2010/09/02 v1.4 Let assignment for LaTeX macros (HO)
Package: hopatch 2012/05/28 v1.2 Wrapper for package hooks (HO)
Package: xcolor-patch 2011/01/30 xcolor patch
Package: atveryend 2011/06/30 v1.8 Hooks at the very end of document (HO)
Package atveryend Info: \enddocument detected (standard20110627).
Package: atbegshi 2011/10/05 v1.16 At begin shipout hook (HO)
Package: refcount 2011/10/16 v3.4 Data extraction from label references (HO)
Package: hycolor 2011/01/30 v1.7 Color options for hyperref/bookmark (HO)
)
(/usr/share/texmf-dist/tex/generic/ifxetex/ifxetex.sty
Package: ifxetex 2010/09/12 v0.6 Provides ifxetex conditional
)
(/usr/share/texmf-dist/tex/latex/oberdiek/kvoptions.sty
Package: kvoptions 2011/06/30 v3.11 Key value format for package options (HO)
)
\@linkdim=\dimen118
\Hy@linkcounter=\count103
\Hy@pagecounter=\count104

(/usr/share/texmf-dist/tex/latex/hyperref/pd1enc.def
File: pd1enc.def 2012/05/13 v6.82q Hyperref: PDFDocEncoding definition (HO)
)
\Hy@SavedSpaceFactor=\count105

(/usr/share/texmf-dist/tex/latex/latexconfig/hyperref.cfg
File: hyperref.cfg 2002/06/06 v1.2 hyperref configuration of TeXLive
)
Package hyperref Info: Option `breaklinks' set `true' on input line 3941.
Package hyperref Info: Option `colorlinks' set `true' on input line 3941.
Package hyperref Info: Option `hypertexnames' set `false' on input line 3941.
Package hyperref Info: Option `bookmarksopen' set `true' on input line 3941.
Package hyperref Info: Hyper figures OFF on input line 4062.
Package hyperref Info: Link nesting OFF on input line 4067.
Package hyperref Info: Hyper index ON on input line 4070.
Package hyperref Info: Plain pages OFF on input line 4077.
Package hyperref Info: Backreferencing OFF on input line 4082.
Package hyperref Info: Implicit mode ON; LaTeX internals redefined.
Package hyperref Info: Bookmarks ON on input line 4300.
\c@Hy@tempcnt=\count106

(/usr/share/texmf-dist/tex/latex/url/url.sty
\Urlmuskip=\muskip11
Package: url 2006/04/12  ver 3.3  Verb mode for urls, etc.
)
LaTeX Info: Redefining \url on input line 4653.
\Fld@menulength=\count107
\Field@Width=\dimen119
\Fld@charsize=\dimen120
Package hyperref Info: Hyper figures OFF on input line 5773.
Package hyperref Info: Link nesting OFF on input line 5778.
Package hyperref Info: Hyper index ON on input line 5781.
Package hyperref Info: backreferencing OFF on input line 5788.
Package hyperref Info: Link coloring ON on input line 5791.
Package hyperref Info: Link coloring with OCG OFF on input line 5798.
Package hyperref Info: PDF/A mode OFF on input line 5803.
LaTeX Info: Redefining \ref on input line 5843.
LaTeX Info: Redefining \pageref on input line 5847.
\Hy@abspage=\count108
\c@Item=\count109
\c@Hfootnote=\count110
)

Package hyperref Message: Driver: hpdftex.

(/usr/share/texmf-dist/tex/latex/hyperref/hpdftex.def
File: hpdftex.def 2012/05/13 v6.82q Hyperref driver for pdfTeX
\Fld@listcount=\count111
\c@bookmark@seq@number=\count112

(/usr/share/texmf-dist/tex/latex/oberdiek/rerunfilecheck.sty
Package: rerunfilecheck 2011/04/15 v1.7 Rerun checks for auxiliary files (HO)
Package uniquecounter Info: New unique counter `rerunfilecheck' on input line 2
82.
)
\Hy@SectionHShift=\skip52
)

LaTeX Warning: Unused global option(s):
    [letter].

(./Steger_2014_Gravlite.aux)
\openout1 = `Steger_2014_Gravlite.aux'.

LaTeX Font Info:    Checking defaults for OML/cmm/m/it on input line 72.
LaTeX Font Info:    ... okay on input line 72.
LaTeX Font Info:    Checking defaults for T1/cmr/m/n on input line 72.
LaTeX Font Info:    ... okay on input line 72.
LaTeX Font Info:    Checking defaults for OT1/cmr/m/n on input line 72.
LaTeX Font Info:    ... okay on input line 72.
LaTeX Font Info:    Checking defaults for OMS/cmsy/m/n on input line 72.
LaTeX Font Info:    ... okay on input line 72.
LaTeX Font Info:    Checking defaults for OMX/cmex/m/n on input line 72.
LaTeX Font Info:    ... okay on input line 72.
LaTeX Font Info:    Checking defaults for U/cmr/m/n on input line 72.
LaTeX Font Info:    ... okay on input line 72.
LaTeX Font Info:    Checking defaults for PD1/pdf/m/n on input line 72.
LaTeX Font Info:    ... okay on input line 72.

(/usr/share/texmf-dist/tex/context/base/supp-pdf.mkii
[Loading MPS to PDF converter (version 2006.09.02).]
\scratchcounter=\count113
\scratchdimen=\dimen121
\scratchbox=\box31
\nofMPsegments=\count114
\nofMParguments=\count115
\everyMPshowfont=\toks22
\MPscratchCnt=\count116
\MPscratchDim=\dimen122
\MPnumerator=\count117
\makeMPintoPDFobject=\count118
\everyMPtoPDFconversion=\toks23
) (/usr/share/texmf-dist/tex/latex/oberdiek/epstopdf-base.sty
Package: epstopdf-base 2010/02/09 v2.5 Base part for package epstopdf

(/usr/share/texmf-dist/tex/latex/oberdiek/grfext.sty
Package: grfext 2010/08/19 v1.1 Manage graphics extensions (HO)
)
Package grfext Info: Graphics extension search list:
(grfext)             [.png,.pdf,.jpg,.mps,.jpeg,.jbig2,.jb2,.PNG,.PDF,.JPG,.JPE
G,.JBIG2,.JB2,.eps]
(grfext)             \AppendGraphicsExtensions on input line 452.

(/usr/share/texmf-dist/tex/latex/latexconfig/epstopdf-sys.cfg
File: epstopdf-sys.cfg 2010/07/13 v1.3 Configuration of (r)epstopdf for TeX Liv
e
))
\AtBeginShipoutBox=\box32


Package hyperref Warning: Height of page (\paperheight) is invalid (0.0pt),
(hyperref)                using 11in.

Package hyperref Info: Link coloring ON on input line 72.
(/usr/share/texmf-dist/tex/latex/hyperref/nameref.sty
Package: nameref 2010/04/30 v2.40 Cross-referencing by name of section

(/usr/share/texmf-dist/tex/generic/oberdiek/gettitlestring.sty
Package: gettitlestring 2010/12/03 v1.4 Cleanup title references (HO)
)
\c@section@level=\count119
)
LaTeX Info: Redefining \ref on input line 72.
LaTeX Info: Redefining \pageref on input line 72.
LaTeX Info: Redefining \nameref on input line 72.

(./Steger_2014_Gravlite.out) (./Steger_2014_Gravlite.out)
\@outlinefile=\write3
\openout3 = `Steger_2014_Gravlite.out'.

LaTeX Font Info:    Try loading font information for U+eur on input line 75.

(/usr/share/texmf-dist/tex/latex/amsfonts/ueur.fd
File: ueur.fd 2009/06/22 v3.00 Euler Roman
)
LaTeX Font Info:    Try loading font information for U+msa on input line 75.

(/usr/share/texmf-dist/tex/latex/amsfonts/umsa.fd
File: umsa.fd 2009/06/22 v3.00 AMS symbols A
) (./intro.tex
Underfull \vbox (badness 10000) has occurred while \output is active []

LaTeX Font Info:    Try loading font information for OMS+cmr on input line 58.

(/usr/share/texmf-dist/tex/latex/base/omscmr.fd
File: omscmr.fd 1999/05/25 v2.5h Standard LaTeX font definitions
)
LaTeX Font Info:    Font shape `OMS/cmr/m/n' in size <8> not available
(Font)              Font shape `OMS/cmsy/m/n' tried instead on input line 58.
 [1{/var/lib/texmf/fonts/map/pdftex/updmap/pdftex.map}


]
LaTeX Font Info:    Font shape `OMS/cmr/m/n' in size <9> not available
(Font)              Font shape `OMS/cmsy/m/n' tried instead on input line 158.
) (./method.tex
Underfull \vbox (badness 10000) has occurred while \output is active []

 [2]
Underfull \vbox (badness 1292) has occurred while \output is active []

 [3]
<fig/beta_fit_all.pdf, id=344, 144.54pt x 144.54pt>
File: fig/beta_fit_all.pdf Graphic file (type pdf)
 <use fig/beta_fit_all.pdf>
Package pdftex.def Info: fig/beta_fit_all.pdf used on input line 209.
(pdftex.def)             Requested size: 201.59692pt x 201.60692pt.


LaTeX Warning: Reference `eqn:nonparbetastar' on page 4 undefined on input line
 215.


LaTeX Warning: Reference `eqn:nonparbetastar' on page 4 undefined on input line
 215.


Underfull \vbox (badness 2221) has occurred while \output is active []

 [4 <./fig/beta_fit_all.pdf>]
Underfull \hbox (badness 10000) in paragraph at lines 253--257
[]\OT1/cmr/m/n/9 A reg-u-lar-iza-tion prior on $\OML/cmm/m/it/9 n\OT1/cmr/m/n/9
 (\OML/cmm/m/it/9 r\OT1/cmr/m/n/9 )$: $\OMS/cmsy/m/n/9 j\OML/cmm/m/it/9 n\OT1/c
mr/m/n/9 (\OML/cmm/m/it/9 r[]\OT1/cmr/m/n/9 ) \OMS/cmsy/m/n/9 ^^@
 []


Underfull \hbox (badness 1365) in paragraph at lines 299--307
\OT1/cmtt/m/n/9 / / ccpforge . cse . rl . ac . uk / gf / project / multinest/$[
][]\OT1/cmr/m/n/9 . This
 []

) (./results.tex

LaTeX Warning: Reference `sec:sampling' on page 5 undefined on input line 112.

[5] <fig/Gaia04/output/pdf/prof_rho_0.pdf, id=439, 144.54pt x 144.54pt>
File: fig/Gaia04/output/pdf/prof_rho_0.pdf Graphic file (type pdf)

<use fig/Gaia04/output/pdf/prof_rho_0.pdf>
Package pdftex.def Info: fig/Gaia04/output/pdf/prof_rho_0.pdf used on input lin
e 133.
(pdftex.def)             Requested size: 166.32092pt x 166.32996pt.

<fig/Gaia04/output/pdf/prof_nr_0.pdf, id=440, 144.54pt x 144.54pt>
File: fig/Gaia04/output/pdf/prof_nr_0.pdf Graphic file (type pdf)

<use fig/Gaia04/output/pdf/prof_nr_0.pdf>
Package pdftex.def Info: fig/Gaia04/output/pdf/prof_nr_0.pdf used on input line
 134.
(pdftex.def)             Requested size: 166.32092pt x 166.32996pt.

<fig/Gaia04/output/pdf/prof_betastar_1.pdf, id=441, 144.54pt x 144.54pt>
File: fig/Gaia04/output/pdf/prof_betastar_1.pdf Graphic file (type pdf)

<use fig/Gaia04/output/pdf/prof_betastar_1.pdf>
Package pdftex.def Info: fig/Gaia04/output/pdf/prof_betastar_1.pdf used on inpu
t line 135.
(pdftex.def)             Requested size: 166.32092pt x 166.32996pt.

<fig/Gaia01/output/pdf/prof_rho_0.pdf, id=442, 144.54pt x 144.54pt>
File: fig/Gaia01/output/pdf/prof_rho_0.pdf Graphic file (type pdf)

<use fig/Gaia01/output/pdf/prof_rho_0.pdf>
Package pdftex.def Info: fig/Gaia01/output/pdf/prof_rho_0.pdf used on input lin
e 138.
(pdftex.def)             Requested size: 166.32092pt x 166.32996pt.

<fig/Gaia01/output/pdf/prof_nr_0.pdf, id=443, 144.54pt x 144.54pt>
File: fig/Gaia01/output/pdf/prof_nr_0.pdf Graphic file (type pdf)

<use fig/Gaia01/output/pdf/prof_nr_0.pdf>
Package pdftex.def Info: fig/Gaia01/output/pdf/prof_nr_0.pdf used on input line
 139.
(pdftex.def)             Requested size: 166.32092pt x 166.32996pt.

<fig/Gaia01/output/pdf/prof_betastar_1.pdf, id=444, 144.54pt x 144.54pt>
File: fig/Gaia01/output/pdf/prof_betastar_1.pdf Graphic file (type pdf)

<use fig/Gaia01/output/pdf/prof_betastar_1.pdf>
Package pdftex.def Info: fig/Gaia01/output/pdf/prof_betastar_1.pdf used on inpu
t line 140.
(pdftex.def)             Requested size: 166.32092pt x 166.32996pt.

<fig/Gaia04/output/pdf/prof_Sig_1.pdf, id=445, 144.54pt x 144.54pt>
File: fig/Gaia04/output/pdf/prof_Sig_1.pdf Graphic file (type pdf)

<use fig/Gaia04/output/pdf/prof_Sig_1.pdf>
Package pdftex.def Info: fig/Gaia04/output/pdf/prof_Sig_1.pdf used on input lin
e 164.
(pdftex.def)             Requested size: 166.32092pt x 166.32996pt.

<fig/Gaia04/output/pdf/prof_sig_1.pdf, id=446, 144.54pt x 144.54pt>
File: fig/Gaia04/output/pdf/prof_sig_1.pdf Graphic file (type pdf)

<use fig/Gaia04/output/pdf/prof_sig_1.pdf>
Package pdftex.def Info: fig/Gaia04/output/pdf/prof_sig_1.pdf used on input lin
e 165.
(pdftex.def)             Requested size: 166.32092pt x 166.32996pt.

<fig/Gaia01/output/pdf/prof_Sig_1.pdf, id=447, 144.54pt x 144.54pt>
File: fig/Gaia01/output/pdf/prof_Sig_1.pdf Graphic file (type pdf)

<use fig/Gaia01/output/pdf/prof_Sig_1.pdf>
Package pdftex.def Info: fig/Gaia01/output/pdf/prof_Sig_1.pdf used on input lin
e 168.
(pdftex.def)             Requested size: 166.32092pt x 166.32996pt.

<fig/Gaia01/output/pdf/prof_sig_1.pdf, id=448, 144.54pt x 144.54pt>
File: fig/Gaia01/output/pdf/prof_sig_1.pdf Graphic file (type pdf)

<use fig/Gaia01/output/pdf/prof_sig_1.pdf>
Package pdftex.def Info: fig/Gaia01/output/pdf/prof_sig_1.pdf used on input lin
e 169.
(pdftex.def)             Requested size: 166.32092pt x 166.32996pt.

<fig/Walk01/output/pdf/prof_rho_0.pdf, id=452, 144.54pt x 144.54pt>
File: fig/Walk01/output/pdf/prof_rho_0.pdf Graphic file (type pdf)

<use fig/Walk01/output/pdf/prof_rho_0.pdf>
Package pdftex.def Info: fig/Walk01/output/pdf/prof_rho_0.pdf used on input lin
e 194.
(pdftex.def)             Requested size: 126.0pt x 126.00018pt.

<fig/Walk01/output/pdf/prof_nr_0.pdf, id=453, 144.54pt x 144.54pt>
File: fig/Walk01/output/pdf/prof_nr_0.pdf Graphic file (type pdf)

<use fig/Walk01/output/pdf/prof_nr_0.pdf>
Package pdftex.def Info: fig/Walk01/output/pdf/prof_nr_0.pdf used on input line
 195.
(pdftex.def)             Requested size: 126.0pt x 126.00018pt.

<fig/Walk01/output/pdf/prof_betastar_1.pdf, id=454, 144.54pt x 144.54pt>
File: fig/Walk01/output/pdf/prof_betastar_1.pdf Graphic file (type pdf)

<use fig/Walk01/output/pdf/prof_betastar_1.pdf>
Package pdftex.def Info: fig/Walk01/output/pdf/prof_betastar_1.pdf used on inpu
t line 196.
(pdftex.def)             Requested size: 126.0pt x 126.00018pt.

<fig/Walk01/output/pdf/prof_betastar_2.pdf, id=455, 144.54pt x 144.54pt>
File: fig/Walk01/output/pdf/prof_betastar_2.pdf Graphic file (type pdf)

<use fig/Walk01/output/pdf/prof_betastar_2.pdf>
Package pdftex.def Info: fig/Walk01/output/pdf/prof_betastar_2.pdf used on inpu
t line 197.
(pdftex.def)             Requested size: 126.0pt x 126.00018pt.

<fig/Walk02/output/pdf/prof_rho_0.pdf, id=456, 144.54pt x 144.54pt>
File: fig/Walk02/output/pdf/prof_rho_0.pdf Graphic file (type pdf)

<use fig/Walk02/output/pdf/prof_rho_0.pdf>
Package pdftex.def Info: fig/Walk02/output/pdf/prof_rho_0.pdf used on input lin
e 200.
(pdftex.def)             Requested size: 126.0pt x 126.00018pt.

<fig/Walk02/output/pdf/prof_nr_0.pdf, id=457, 144.54pt x 144.54pt>
File: fig/Walk02/output/pdf/prof_nr_0.pdf Graphic file (type pdf)

<use fig/Walk02/output/pdf/prof_nr_0.pdf>
Package pdftex.def Info: fig/Walk02/output/pdf/prof_nr_0.pdf used on input line
 201.
(pdftex.def)             Requested size: 126.0pt x 126.00018pt.

<fig/Walk02/output/pdf/prof_betastar_1.pdf, id=458, 144.54pt x 144.54pt>
File: fig/Walk02/output/pdf/prof_betastar_1.pdf Graphic file (type pdf)

<use fig/Walk02/output/pdf/prof_betastar_1.pdf>
Package pdftex.def Info: fig/Walk02/output/pdf/prof_betastar_1.pdf used on inpu
t line 202.
(pdftex.def)             Requested size: 126.0pt x 126.00018pt.

<fig/Walk02/output/pdf/prof_betastar_2.pdf, id=459, 144.54pt x 144.54pt>
File: fig/Walk02/output/pdf/prof_betastar_2.pdf Graphic file (type pdf)

<use fig/Walk02/output/pdf/prof_betastar_2.pdf>
Package pdftex.def Info: fig/Walk02/output/pdf/prof_betastar_2.pdf used on inpu
t line 203.
(pdftex.def)             Requested size: 126.0pt x 126.00018pt.


Package natbib Warning: Citation `Dehnen2009' on page 6 undefined on input line
 273.


LaTeX Font Warning: Font shape `OT1/cmr/bx/sc' undefined
(Font)              using `OT1/cmr/bx/n' instead on input line 318.

) (./conclusion.tex

LaTeX Warning: Reference `eq:main' on page 6 undefined on input line 14.

) (./acks.tex) (./appendix.tex

Package hyperref Warning: Token not allowed in a PDF string (PDFDocEncoding):
(hyperref)                removing `math shift' on input line 3.


Package hyperref Warning: Token not allowed in a PDF string (PDFDocEncoding):
(hyperref)                removing `math shift' on input line 3.


Package hyperref Warning: Token not allowed in a PDF string (PDFDocEncoding):
(hyperref)                removing `math shift' on input line 3.


Package hyperref Warning: Token not allowed in a PDF string (PDFDocEncoding):
(hyperref)                removing `math shift' on input line 3.

[6]) (./Steger_2014_Gravlite.bbl
Underfull \vbox (badness 4713) has occurred while \output is active []

 [7 <./fig/Gaia04/output/pdf/prof_rho_0.pdf> <./fig/Gaia04/output/pdf/prof_nr_0
.pdf

pdfTeX warning: pdflatex (file ./fig/Gaia04/output/pdf/prof_nr_0.pdf): PDF incl
usion: multiple pdfs with page group included in a single page
> <./fig/Gaia04/output/pdf/prof_betastar_1.pdf

pdfTeX warning: pdflatex (file ./fig/Gaia04/output/pdf/prof_betastar_1.pdf): PD
F inclusion: multiple pdfs with page group included in a single page
> <./fig/Gaia01/output/pdf/prof_rho_0.pdf

pdfTeX warning: pdflatex (file ./fig/Gaia01/output/pdf/prof_rho_0.pdf): PDF inc
lusion: multiple pdfs with page group included in a single page
> <./fig/Gaia01/output/pdf/prof_nr_0.pdf

pdfTeX warning: pdflatex (file ./fig/Gaia01/output/pdf/prof_nr_0.pdf): PDF incl
usion: multiple pdfs with page group included in a single page
> <./fig/Gaia01/output/pdf/prof_betastar_1.pdf

pdfTeX warning: pdflatex (file ./fig/Gaia01/output/pdf/prof_betastar_1.pdf): PD
F inclusion: multiple pdfs with page group included in a single page
>]
Underfull \vbox (badness 10000) has occurred while \output is active []

 [8 <./fig/Gaia04/output/pdf/prof_Sig_1.pdf> <./fig/Gaia04/output/pdf/prof_sig_
1.pdf

pdfTeX warning: pdflatex (file ./fig/Gaia04/output/pdf/prof_sig_1.pdf): PDF inc
lusion: multiple pdfs with page group included in a single page
> <./fig/Gaia01/output/pdf/prof_Sig_1.pdf

pdfTeX warning: pdflatex (file ./fig/Gaia01/output/pdf/prof_Sig_1.pdf): PDF inc
lusion: multiple pdfs with page group included in a single page
> <./fig/Gaia01/output/pdf/prof_sig_1.pdf

pdfTeX warning: pdflatex (file ./fig/Gaia01/output/pdf/prof_sig_1.pdf): PDF inc
lusion: multiple pdfs with page group included in a single page
> <./fig/Walk01/output/pdf/prof_rho_0.pdf

pdfTeX warning: pdflatex (file ./fig/Walk01/output/pdf/prof_rho_0.pdf): PDF inc
lusion: multiple pdfs with page group included in a single page
> <./fig/Walk01/output/pdf/prof_nr_0.pdf

pdfTeX warning: pdflatex (file ./fig/Walk01/output/pdf/prof_nr_0.pdf): PDF incl
usion: multiple pdfs with page group included in a single page
> <./fig/Walk01/output/pdf/prof_betastar_1.pdf

pdfTeX warning: pdflatex (file ./fig/Walk01/output/pdf/prof_betastar_1.pdf): PD
F inclusion: multiple pdfs with page group included in a single page
> <./fig/Walk01/output/pdf/prof_betastar_2.pdf

pdfTeX warning: pdflatex (file ./fig/Walk01/output/pdf/prof_betastar_2.pdf): PD
F inclusion: multiple pdfs with page group included in a single page
> <./fig/Walk02/output/pdf/prof_rho_0.pdf

pdfTeX warning: pdflatex (file ./fig/Walk02/output/pdf/prof_rho_0.pdf): PDF inc
lusion: multiple pdfs with page group included in a single page
> <./fig/Walk02/output/pdf/prof_nr_0.pdf

pdfTeX warning: pdflatex (file ./fig/Walk02/output/pdf/prof_nr_0.pdf): PDF incl
usion: multiple pdfs with page group included in a single page
> <./fig/Walk02/output/pdf/prof_betastar_1.pdf

pdfTeX warning: pdflatex (file ./fig/Walk02/output/pdf/prof_betastar_1.pdf): PD
F inclusion: multiple pdfs with page group included in a single page
> <./fig/Walk02/output/pdf/prof_betastar_2.pdf

pdfTeX warning: pdflatex (file ./fig/Walk02/output/pdf/prof_betastar_2.pdf): PD
F inclusion: multiple pdfs with page group included in a single page
>])

Package natbib Warning: There were undefined citations.

Package atveryend Info: Empty hook `BeforeClearDocument' on input line 114.
[9]
Underfull \vbox (badness 10000) has occurred while \output is active []

 [10]
Package atveryend Info: Empty hook `AfterLastShipout' on input line 114.

(./Steger_2014_Gravlite.aux)
Package atveryend Info: Executing hook `AtVeryEndDocument' on input line 114.
Package atveryend Info: Executing hook `AtEndAfterFileList' on input line 114.
Package rerunfilecheck Info: File `Steger_2014_Gravlite.out' has not changed.
(rerunfilecheck)             Checksum: 545A59D0FEE264EA7022F80B9901EE12;1334.


LaTeX Font Warning: Some font shapes were not available, defaults substituted.


LaTeX Warning: There were undefined references.

Package atveryend Info: Empty hook `AtVeryVeryEnd' on input line 114.
 ) 
Here is how much of TeX's memory you used:
 6838 strings out of 494953
 98783 string characters out of 3178847
 213911 words of memory out of 3000000
 9810 multiletter control sequences out of 15000+200000
 22825 words of font info for 79 fonts, out of 3000000 for 9000
 36 hyphenation exceptions out of 8191
 31i,15n,34p,682b,452s stack positions out of 5000i,500n,10000p,200000b,50000s
</usr/share/texmf-dist/fonts/type1/public/amsfonts/cm/cmbx10.pfb></usr/share/
texmf-dist/fonts/type1/public/amsfonts/cm/cmbx12.pfb></usr/share/texmf-dist/fon
ts/type1/public/amsfonts/cm/cmbx8.pfb></usr/share/texmf-dist/fonts/type1/public
/amsfonts/cm/cmbx9.pfb></usr/share/texmf-dist/fonts/type1/public/amsfonts/cm/cm
csc10.pfb></usr/share/texmf-dist/fonts/type1/public/amsfonts/cmextra/cmex9.pfb>
</usr/share/texmf-dist/fonts/type1/public/amsfonts/cm/cmmi10.pfb></usr/share/te
xmf-dist/fonts/type1/public/amsfonts/cm/cmmi5.pfb></usr/share/texmf-dist/fonts/
type1/public/amsfonts/cm/cmmi6.pfb></usr/share/texmf-dist/fonts/type1/public/am
sfonts/cm/cmmi8.pfb></usr/share/texmf-dist/fonts/type1/public/amsfonts/cm/cmmi9
.pfb></usr/share/texmf-dist/fonts/type1/public/amsfonts/cm/cmr10.pfb></usr/shar
e/texmf-dist/fonts/type1/public/amsfonts/cm/cmr12.pfb></usr/share/texmf-dist/fo
nts/type1/public/amsfonts/cm/cmr5.pfb></usr/share/texmf-dist/fonts/type1/public
/amsfonts/cm/cmr6.pfb></usr/share/texmf-dist/fonts/type1/public/amsfonts/cm/cmr
8.pfb></usr/share/texmf-dist/fonts/type1/public/amsfonts/cm/cmr9.pfb></usr/shar
e/texmf-dist/fonts/type1/public/amsfonts/cm/cmsy10.pfb></usr/share/texmf-dist/f
onts/type1/public/amsfonts/cm/cmsy5.pfb></usr/share/texmf-dist/fonts/type1/publ
ic/amsfonts/cm/cmsy6.pfb></usr/share/texmf-dist/fonts/type1/public/amsfonts/cm/
cmsy8.pfb></usr/share/texmf-dist/fonts/type1/public/amsfonts/cm/cmsy9.pfb></usr
/share/texmf-dist/fonts/type1/public/amsfonts/cm/cmti10.pfb></usr/share/texmf-d
ist/fonts/type1/public/amsfonts/cm/cmti12.pfb></usr/share/texmf-dist/fonts/type
1/public/amsfonts/cm/cmti8.pfb></usr/share/texmf-dist/fonts/type1/public/amsfon
ts/cm/cmti9.pfb></usr/share/texmf-dist/fonts/type1/public/amsfonts/cm/cmtt9.pfb
></usr/share/texmf-dist/fonts/type1/public/amsfonts/symbols/msam10.pfb>
Output written on Steger_2014_Gravlite.pdf (10 pages, 4674242 bytes).
PDF statistics:
 1164 PDF objects out of 1200 (max. 8388607)
 923 compressed objects within 10 object streams
 125 named destinations out of 1000 (max. 500000)
 264 words of extra memory for PDF output out of 10000 (max. 10000000)

