This is pdfTeX, Version 3.1415926-2.4-1.40.13 (TeX Live 2012) (format=pdflatex 2014.11.7)  11 NOV 2014 12:09
entering extended mode
 restricted \write18 enabled.
 %&-line parsing enabled.
**\input Steger+_2014_Fornax.tex
(./Steger+_2014_Fornax.tex (./mn2e.cls
Document Class: mn2e 2001/02/06 v2.2 LaTeX2e MN document class
Document Style `MN' v2.2, released 2001 February 20
\math@groups=\toks14
LaTeX Font Info:    Overwriting symbol font `symbols' in version `bold'
(Font)                  OMS/cmsy/b/n --> OMS/cmsy/b/n on input line 223.
\symbmisymbols=\mathgroup4
\symUPM=\mathgroup5
LaTeX Font Info:    Overwriting symbol font `UPM' in version `bold'
(Font)                  U/eur/m/n --> U/eur/b/n on input line 260.
\symAMSa=\mathgroup6
\SFB@measure=\dimen102
\realparindent=\skip41
\c@part=\count79
\c@section=\count80
\c@subsection=\count81
\c@subsubsection=\count82
\c@paragraph=\count83
\c@subparagraph=\count84
\@indentskip=\skip42
\smallindent=\skip43
\@footindent=\skip44
\@leftskip=\skip45
\c@dummy=\count85
(/usr/share/texmf-dist/tex/latex/natbib/natbib.sty
Package: natbib 2010/09/13 8.31b (PWD, AO)
\bibhang=\skip46
\bibsep=\skip47
LaTeX Info: Redefining \cite on input line 694.
\c@NAT@ctr=\count86
)
\c@table=\count87
\c@figure=\count88
\mathindent=\dimen103
) (./myaasmacros.sty
Document Style `myaasmacros' by Mark Sullivan <April 2001>.
) (/usr/share/texmf-dist/tex/latex/graphics/graphicx.sty
Package: graphicx 1999/02/16 v1.0f Enhanced LaTeX Graphics (DPC,SPQR)

(/usr/share/texmf-dist/tex/latex/graphics/keyval.sty
Package: keyval 1999/03/16 v1.13 key=value parser (DPC)
\KV@toks@=\toks15
)
(/usr/share/texmf-dist/tex/latex/graphics/graphics.sty
Package: graphics 2009/02/05 v1.0o Standard LaTeX Graphics (DPC,SPQR)

(/usr/share/texmf-dist/tex/latex/graphics/trig.sty
Package: trig 1999/03/16 v1.09 sin cos tan (DPC)
)
(/usr/share/texmf-dist/tex/latex/latexconfig/graphics.cfg
File: graphics.cfg 2010/04/23 v1.9 graphics configuration of TeX Live
)
Package graphics Info: Driver file: pdftex.def on input line 91.

(/usr/share/texmf-dist/tex/latex/pdftex-def/pdftex.def
File: pdftex.def 2011/05/27 v0.06d Graphics/color for pdfTeX

(/usr/share/texmf-dist/tex/generic/oberdiek/infwarerr.sty
Package: infwarerr 2010/04/08 v1.3 Providing info/warning/error messages (HO)
)
(/usr/share/texmf-dist/tex/generic/oberdiek/ltxcmds.sty
Package: ltxcmds 2011/11/09 v1.22 LaTeX kernel commands for general use (HO)
)
\Gread@gobject=\count89
))
\Gin@req@height=\dimen104
\Gin@req@width=\dimen105
)
(/usr/share/texmf-dist/tex/generic/ulem/ulem.sty
\UL@box=\box26
\UL@hyphenbox=\box27
\UL@skip=\skip48
\UL@hook=\toks16
\UL@height=\dimen106
\UL@pe=\count90
\UL@pixel=\dimen107
\ULC@box=\box28
Package: ulem 2012/05/18
\ULdepth=\dimen108
)
(/usr/share/texmf-dist/tex/latex/graphics/color.sty
Package: color 2005/11/14 v1.0j Standard LaTeX Color (DPC)

(/usr/share/texmf-dist/tex/latex/latexconfig/color.cfg
File: color.cfg 2007/01/18 v1.5 color configuration of teTeX/TeXLive
)
Package color Info: Driver file: pdftex.def on input line 130.
)
(/usr/share/texmf-dist/tex/latex/amsmath/amsmath.sty
Package: amsmath 2000/07/18 v2.13 AMS math features
\@mathmargin=\skip49

For additional information on amsmath, use the `?' option.
(/usr/share/texmf-dist/tex/latex/amsmath/amstext.sty
Package: amstext 2000/06/29 v2.01

(/usr/share/texmf-dist/tex/latex/amsmath/amsgen.sty
File: amsgen.sty 1999/11/30 v2.0
\@emptytoks=\toks17
\ex@=\dimen109
))
(/usr/share/texmf-dist/tex/latex/amsmath/amsbsy.sty
Package: amsbsy 1999/11/29 v1.2d
\pmbraise@=\dimen110
)
(/usr/share/texmf-dist/tex/latex/amsmath/amsopn.sty
Package: amsopn 1999/12/14 v2.01 operator names
)
\inf@bad=\count91
LaTeX Info: Redefining \frac on input line 211.
\uproot@=\count92
\leftroot@=\count93
LaTeX Info: Redefining \overline on input line 307.
\classnum@=\count94
\DOTSCASE@=\count95
LaTeX Info: Redefining \ldots on input line 379.
LaTeX Info: Redefining \dots on input line 382.
LaTeX Info: Redefining \cdots on input line 467.
\Mathstrutbox@=\box29
\strutbox@=\box30
\big@size=\dimen111
LaTeX Font Info:    Redeclaring font encoding OML on input line 567.
LaTeX Font Info:    Redeclaring font encoding OMS on input line 568.
\macc@depth=\count96
\c@MaxMatrixCols=\count97
\dotsspace@=\muskip10
\c@parentequation=\count98
\dspbrk@lvl=\count99
\tag@help=\toks18
\row@=\count100
\column@=\count101
\maxfields@=\count102
\andhelp@=\toks19
\eqnshift@=\dimen112
\alignsep@=\dimen113
\tagshift@=\dimen114
\tagwidth@=\dimen115
\totwidth@=\dimen116
\lineht@=\dimen117
\@envbody=\toks20
\multlinegap=\skip50
\multlinetaggap=\skip51
\mathdisplay@stack=\toks21
LaTeX Info: Redefining \[ on input line 2666.
LaTeX Info: Redefining \] on input line 2667.
)
\symmathx=\mathgroup7

(./Steger+_2014_Fornax.aux

LaTeX Warning: Label `fig:fornax' multiply defined.


LaTeX Warning: Label `fig:fornax' multiply defined.

)
\openout1 = `Steger+_2014_Fornax.aux'.

LaTeX Font Info:    Checking defaults for OML/cmm/m/it on input line 59.
LaTeX Font Info:    ... okay on input line 59.
LaTeX Font Info:    Checking defaults for T1/cmr/m/n on input line 59.
LaTeX Font Info:    ... okay on input line 59.
LaTeX Font Info:    Checking defaults for OT1/cmr/m/n on input line 59.
LaTeX Font Info:    ... okay on input line 59.
LaTeX Font Info:    Checking defaults for OMS/cmsy/m/n on input line 59.
LaTeX Font Info:    ... okay on input line 59.
LaTeX Font Info:    Checking defaults for OMX/cmex/m/n on input line 59.
LaTeX Font Info:    ... okay on input line 59.
LaTeX Font Info:    Checking defaults for U/cmr/m/n on input line 59.
LaTeX Font Info:    ... okay on input line 59.
 (/usr/share/texmf-dist/tex/context/base/supp-pdf.mkii
[Loading MPS to PDF converter (version 2006.09.02).]
\scratchcounter=\count103
\scratchdimen=\dimen118
\scratchbox=\box31
\nofMPsegments=\count104
\nofMParguments=\count105
\everyMPshowfont=\toks22
\MPscratchCnt=\count106
\MPscratchDim=\dimen119
\MPnumerator=\count107
\makeMPintoPDFobject=\count108
\everyMPtoPDFconversion=\toks23
) (/usr/share/texmf-dist/tex/generic/oberdiek/pdftexcmds.sty
Package: pdftexcmds 2011/11/29 v0.20 Utility functions of pdfTeX for LuaTeX (HO
)

(/usr/share/texmf-dist/tex/generic/oberdiek/ifluatex.sty
Package: ifluatex 2010/03/01 v1.3 Provides the ifluatex switch (HO)
Package ifluatex Info: LuaTeX not detected.
)
(/usr/share/texmf-dist/tex/generic/oberdiek/ifpdf.sty
Package: ifpdf 2011/01/30 v2.3 Provides the ifpdf switch (HO)
Package ifpdf Info: pdfTeX in PDF mode is detected.
)
Package pdftexcmds Info: LuaTeX not detected.
Package pdftexcmds Info: \pdf@primitive is available.
Package pdftexcmds Info: \pdf@ifprimitive is available.
Package pdftexcmds Info: \pdfdraftmode found.
)
(/usr/share/texmf-dist/tex/latex/oberdiek/epstopdf-base.sty
Package: epstopdf-base 2010/02/09 v2.5 Base part for package epstopdf

(/usr/share/texmf-dist/tex/latex/oberdiek/grfext.sty
Package: grfext 2010/08/19 v1.1 Manage graphics extensions (HO)

(/usr/share/texmf-dist/tex/generic/oberdiek/kvdefinekeys.sty
Package: kvdefinekeys 2011/04/07 v1.3 Define keys (HO)
))
(/usr/share/texmf-dist/tex/latex/oberdiek/kvoptions.sty
Package: kvoptions 2011/06/30 v3.11 Key value format for package options (HO)

(/usr/share/texmf-dist/tex/generic/oberdiek/kvsetkeys.sty
Package: kvsetkeys 2012/04/25 v1.16 Key value parser (HO)

(/usr/share/texmf-dist/tex/generic/oberdiek/etexcmds.sty
Package: etexcmds 2011/02/16 v1.5 Avoid name clashes with e-TeX commands (HO)
Package etexcmds Info: Could not find \expanded.
(etexcmds)             That can mean that you are not using pdfTeX 1.50 or
(etexcmds)             that some package has redefined \expanded.
(etexcmds)             In the latter case, load this package earlier.
)))
Package grfext Info: Graphics extension search list:
(grfext)             [.png,.pdf,.jpg,.mps,.jpeg,.jbig2,.jb2,.PNG,.PDF,.JPG,.JPE
G,.JBIG2,.JB2,.eps]
(grfext)             \AppendGraphicsExtensions on input line 452.

(/usr/share/texmf-dist/tex/latex/latexconfig/epstopdf-sys.cfg
File: epstopdf-sys.cfg 2010/07/13 v1.3 Configuration of (r)epstopdf for TeX Liv
e
))
LaTeX Font Info:    Try loading font information for U+eur on input line 61.

(/usr/share/texmf-dist/tex/latex/amsfonts/ueur.fd
File: ueur.fd 2009/06/22 v3.00 Euler Roman
)
LaTeX Font Info:    Try loading font information for U+msa on input line 61.

(/usr/share/texmf-dist/tex/latex/amsfonts/umsa.fd
File: umsa.fd 2009/06/22 v3.00 AMS symbols A
) (./intro.tex) (./method.tex

Package natbib Warning: Citation `Steger+2014' on page 1 undefined on input lin
e 3.

<fig/pymcmetals.png, id=1, 433.62pt x 361.35pt>
File: fig/pymcmetals.png Graphic file (type png)
 <use fig/pymcmetals.png>
Package pdftex.def Info: fig/pymcmetals.png used on input line 51.
(pdftex.def)             Requested size: 252.0pt x 210.00218pt.

Overfull \hbox (12.0pt too wide) in paragraph at lines 51--56
 [] 
 []


Underfull \vbox (badness 10000) has occurred while \output is active []

LaTeX Font Info:    Try loading font information for OMS+cmr on input line 90.

(/usr/share/texmf-dist/tex/latex/base/omscmr.fd
File: omscmr.fd 1999/05/25 v2.5h Standard LaTeX font definitions
)
LaTeX Font Info:    Font shape `OMS/cmr/m/n' in size <8> not available
(Font)              Font shape `OMS/cmsy/m/n' tried instead on input line 90.
 [1{/var/lib/texmf/fonts/map/pdftex/updmap/pdftex.map}


] <fig/10kit.pdf, id=29, 614.295pt x 794.97pt>
File: fig/10kit.pdf Graphic file (type pdf)

<use fig/10kit.pdf>
Package pdftex.def Info: fig/10kit.pdf used on input line 151.
(pdftex.def)             Requested size: 252.0pt x 326.12177pt.
 <fig/50kit.pdf, id=30, 614.295pt x 794.97pt>
File: fig/50kit.pdf Graphic file (type pdf)

<use fig/50kit.pdf>
Package pdftex.def Info: fig/50kit.pdf used on input line 152.
(pdftex.def)             Requested size: 252.0pt x 326.12177pt.


LaTeX Font Warning: Font shape `OT1/cmr/bx/sc' undefined
(Font)              using `OT1/cmr/bx/n' instead on input line 202.

[2 <./fig/pymcmetals.png>]

Package natbib Warning: Citation `DeBoer2013' on page 3 undefined on input line
 204.

) (./results.tex <fig/fornax/prof_rho_0.png, id=36, 144.54pt x 144.54pt>
File: fig/fornax/prof_rho_0.png Graphic file (type png)

<use fig/fornax/prof_rho_0.png>
Package pdftex.def Info: fig/fornax/prof_rho_0.png used on input line 7.
(pdftex.def)             Requested size: 166.32092pt x 166.32996pt.

<fig/fornax/prof_nr_0.png, id=37, 144.54pt x 144.54pt>
File: fig/fornax/prof_nr_0.png Graphic file (type png)

<use fig/fornax/prof_nr_0.png>
Package pdftex.def Info: fig/fornax/prof_nr_0.png used on input line 8.
(pdftex.def)             Requested size: 166.32092pt x 166.32996pt.

<fig/fornax/prof_betastar_1.png, id=38, 144.54pt x 144.54pt>
File: fig/fornax/prof_betastar_1.png Graphic file (type png)

<use fig/fornax/prof_betastar_1.png>
Package pdftex.def Info: fig/fornax/prof_betastar_1.png used on input line 9.
(pdftex.def)             Requested size: 166.32092pt x 166.32996pt.

<fig/carina/prof_rho_0.png, id=39, 144.54pt x 144.54pt>
File: fig/carina/prof_rho_0.png Graphic file (type png)

<use fig/carina/prof_rho_0.png>
Package pdftex.def Info: fig/carina/prof_rho_0.png used on input line 28.
(pdftex.def)             Requested size: 166.32092pt x 166.32996pt.

<fig/carina/prof_nr_0.png, id=40, 144.54pt x 144.54pt>
File: fig/carina/prof_nr_0.png Graphic file (type png)

<use fig/carina/prof_nr_0.png>
Package pdftex.def Info: fig/carina/prof_nr_0.png used on input line 29.
(pdftex.def)             Requested size: 166.32092pt x 166.32996pt.

<fig/carina/prof_betastar_1.png, id=41, 144.54pt x 144.54pt>
File: fig/carina/prof_betastar_1.png Graphic file (type png)

<use fig/carina/prof_betastar_1.png>
Package pdftex.def Info: fig/carina/prof_betastar_1.png used on input line 30.
(pdftex.def)             Requested size: 166.32092pt x 166.32996pt.

<fig/sculptor/prof_rho_0.png, id=42, 144.54pt x 144.54pt>
File: fig/sculptor/prof_rho_0.png Graphic file (type png)

<use fig/sculptor/prof_rho_0.png>
Package pdftex.def Info: fig/sculptor/prof_rho_0.png used on input line 46.
(pdftex.def)             Requested size: 166.32092pt x 166.32996pt.

<fig/sculptor/prof_nr_0.png, id=43, 144.54pt x 144.54pt>
File: fig/sculptor/prof_nr_0.png Graphic file (type png)

<use fig/sculptor/prof_nr_0.png>
Package pdftex.def Info: fig/sculptor/prof_nr_0.png used on input line 47.
(pdftex.def)             Requested size: 166.32092pt x 166.32996pt.

<fig/sculptor/prof_betastar_1.png, id=44, 144.54pt x 144.54pt>
File: fig/sculptor/prof_betastar_1.png Graphic file (type png)

<use fig/sculptor/prof_betastar_1.png>
Package pdftex.def Info: fig/sculptor/prof_betastar_1.png used on input line 48
.
(pdftex.def)             Requested size: 166.32092pt x 166.32996pt.
) (./conclusion.tex) (./acks.tex)
(./Steger+_2014_Fornax.bbl) (./appendix.tex)

Package natbib Warning: There were undefined citations.

[3 <./fig/10kit.pdf> <./fig/50kit.pdf>]
Underfull \vbox (badness 10000) has occurred while \output is active []

 [4 <./fig/fornax/prof_rho_0.png> <./fig/fornax/prof_nr_0.png> <./fig/fornax/pr
of_betastar_1.png> <./fig/carina/prof_rho_0.png> <./fig/carina/prof_nr_0.png> <
./fig/carina/prof_betastar_1.png> <./fig/sculptor/prof_rho_0.png> <./fig/sculpt
or/prof_nr_0.png> <./fig/sculptor/prof_betastar_1.png>] (./Steger+_2014_Fornax.
aux)

LaTeX Font Warning: Some font shapes were not available, defaults substituted.


LaTeX Warning: There were multiply-defined labels.

 ) 
Here is how much of TeX's memory you used:
 3036 strings out of 495063
 38499 string characters out of 3182673
 105434 words of memory out of 3000000
 6134 multiletter control sequences out of 15000+200000
 21666 words of font info for 75 fonts, out of 3000000 for 9000
 14 hyphenation exceptions out of 8191
 38i,15n,34p,461b,310s stack positions out of 5000i,500n,10000p,200000b,50000s
</usr/share/texmf-dist/fonts/type1/public/amsfonts/cm/cmbx10.pfb></usr/share/
texmf-dist/fonts/type1/public/amsfonts/cm/cmbx12.pfb></usr/share/texmf-dist/fon
ts/type1/public/amsfonts/cm/cmbx8.pfb></usr/share/texmf-dist/fonts/type1/public
/amsfonts/cm/cmbx9.pfb></usr/share/texmf-dist/fonts/type1/public/amsfonts/cm/cm
csc10.pfb></usr/share/texmf-dist/fonts/type1/public/amsfonts/cmextra/cmex9.pfb>
</usr/share/texmf-dist/fonts/type1/public/amsfonts/cm/cmmi10.pfb></usr/share/te
xmf-dist/fonts/type1/public/amsfonts/cm/cmmi5.pfb></usr/share/texmf-dist/fonts/
type1/public/amsfonts/cm/cmmi6.pfb></usr/share/texmf-dist/fonts/type1/public/am
sfonts/cm/cmmi8.pfb></usr/share/texmf-dist/fonts/type1/public/amsfonts/cm/cmmi9
.pfb></usr/share/texmf-dist/fonts/type1/public/amsfonts/cm/cmr10.pfb></usr/shar
e/texmf-dist/fonts/type1/public/amsfonts/cm/cmr12.pfb></usr/share/texmf-dist/fo
nts/type1/public/amsfonts/cm/cmr5.pfb></usr/share/texmf-dist/fonts/type1/public
/amsfonts/cm/cmr6.pfb></usr/share/texmf-dist/fonts/type1/public/amsfonts/cm/cmr
8.pfb></usr/share/texmf-dist/fonts/type1/public/amsfonts/cm/cmr9.pfb></usr/shar
e/texmf-dist/fonts/type1/public/amsfonts/cm/cmsy6.pfb></usr/share/texmf-dist/fo
nts/type1/public/amsfonts/cm/cmsy8.pfb></usr/share/texmf-dist/fonts/type1/publi
c/amsfonts/cm/cmsy9.pfb></usr/share/texmf-dist/fonts/type1/public/amsfonts/cm/c
mti12.pfb></usr/share/texmf-dist/fonts/type1/public/amsfonts/cm/cmti8.pfb></usr
/share/texmf-dist/fonts/type1/public/amsfonts/symbols/msam10.pfb>
Output written on Steger+_2014_Fornax.pdf (4 pages, 476366 bytes).
PDF statistics:
 138 PDF objects out of 1000 (max. 8388607)
 86 compressed objects within 1 object stream
 0 named destinations out of 1000 (max. 500000)
 61 words of extra memory for PDF output out of 10000 (max. 10000000)

