This is pdfTeX, Version 3.1415926-2.5-1.40.14 (TeX Live 2013/Debian) (format=pdflatex 2013.11.1)  24 FEB 2014 17:58
entering extended mode
 restricted \write18 enabled.
 %&-line parsing enabled.
**Steger+_2014_Gravlite
(./Steger+_2014_Gravlite.tex
LaTeX2e <2011/06/27>
Babel <3.9f> and hyphenation patterns for 2 languages loaded.
(./mn2e.cls
Document Class: mn2e 2001/02/06 v2.2 LaTeX2e MN document class
Document Style `MN' v2.2, released 2001 February 20
\math@groups=\toks14
LaTeX Font Info:    Overwriting symbol font `symbols' in version `bold'
(Font)                  OMS/cmsy/b/n --> OMS/cmsy/b/n on input line 223.
\symbmisymbols=\mathgroup4
\symUPM=\mathgroup5
LaTeX Font Info:    Overwriting symbol font `UPM' in version `bold'
(Font)                  U/eur/m/n --> U/eur/b/n on input line 260.
\symAMSa=\mathgroup6
\SFB@measure=\dimen102
\realparindent=\skip41
\c@part=\count79
\c@section=\count80
\c@subsection=\count81
\c@subsubsection=\count82
\c@paragraph=\count83
\c@subparagraph=\count84
\@indentskip=\skip42
\smallindent=\skip43
\@footindent=\skip44
\@leftskip=\skip45
\c@dummy=\count85
(/usr/share/texlive/texmf-dist/tex/latex/natbib/natbib.sty
Package: natbib 2010/09/13 8.31b (PWD, AO)
\bibhang=\skip46
\bibsep=\skip47
LaTeX Info: Redefining \cite on input line 694.
\c@NAT@ctr=\count86
)
\c@table=\count87
\c@figure=\count88
\mathindent=\dimen103
) (./myaasmacros.sty
Document Style `myaasmacros' by Mark Sullivan <April 2001>.
) (/usr/share/texlive/texmf-dist/tex/latex/graphics/graphicx.sty
Package: graphicx 1999/02/16 v1.0f Enhanced LaTeX Graphics (DPC,SPQR)

(/usr/share/texlive/texmf-dist/tex/latex/graphics/keyval.sty
Package: keyval 1999/03/16 v1.13 key=value parser (DPC)
\KV@toks@=\toks15
)
(/usr/share/texlive/texmf-dist/tex/latex/graphics/graphics.sty
Package: graphics 2009/02/05 v1.0o Standard LaTeX Graphics (DPC,SPQR)

(/usr/share/texlive/texmf-dist/tex/latex/graphics/trig.sty
Package: trig 1999/03/16 v1.09 sin cos tan (DPC)
)
(/usr/share/texlive/texmf-dist/tex/latex/latexconfig/graphics.cfg
File: graphics.cfg 2010/04/23 v1.9 graphics configuration of TeX Live
)
Package graphics Info: Driver file: pdftex.def on input line 91.

(/usr/share/texlive/texmf-dist/tex/latex/pdftex-def/pdftex.def
File: pdftex.def 2011/05/27 v0.06d Graphics/color for pdfTeX

(/usr/share/texlive/texmf-dist/tex/generic/oberdiek/infwarerr.sty
Package: infwarerr 2010/04/08 v1.3 Providing info/warning/error messages (HO)
)
(/usr/share/texlive/texmf-dist/tex/generic/oberdiek/ltxcmds.sty
Package: ltxcmds 2011/11/09 v1.22 LaTeX kernel commands for general use (HO)
)
\Gread@gobject=\count89
))
\Gin@req@height=\dimen104
\Gin@req@width=\dimen105
)
(/usr/share/texlive/texmf-dist/tex/generic/ulem/ulem.sty
\UL@box=\box26
\UL@hyphenbox=\box27
\UL@skip=\skip48
\UL@hook=\toks16
\UL@height=\dimen106
\UL@pe=\count90
\UL@pixel=\dimen107
\ULC@box=\box28
Package: ulem 2012/05/18
\ULdepth=\dimen108
)
(/usr/share/texlive/texmf-dist/tex/latex/graphics/color.sty
Package: color 2005/11/14 v1.0j Standard LaTeX Color (DPC)

(/usr/share/texlive/texmf-dist/tex/latex/latexconfig/color.cfg
File: color.cfg 2007/01/18 v1.5 color configuration of teTeX/TeXLive
)
Package color Info: Driver file: pdftex.def on input line 130.
)
(/usr/share/texlive/texmf-dist/tex/latex/amsmath/amsmath.sty
Package: amsmath 2013/01/14 v2.14 AMS math features
\@mathmargin=\skip49

For additional information on amsmath, use the `?' option.
(/usr/share/texlive/texmf-dist/tex/latex/amsmath/amstext.sty
Package: amstext 2000/06/29 v2.01

(/usr/share/texlive/texmf-dist/tex/latex/amsmath/amsgen.sty
File: amsgen.sty 1999/11/30 v2.0
\@emptytoks=\toks17
\ex@=\dimen109
))
(/usr/share/texlive/texmf-dist/tex/latex/amsmath/amsbsy.sty
Package: amsbsy 1999/11/29 v1.2d
\pmbraise@=\dimen110
)
(/usr/share/texlive/texmf-dist/tex/latex/amsmath/amsopn.sty
Package: amsopn 1999/12/14 v2.01 operator names
)
\inf@bad=\count91
LaTeX Info: Redefining \frac on input line 210.
\uproot@=\count92
\leftroot@=\count93
LaTeX Info: Redefining \overline on input line 306.
\classnum@=\count94
\DOTSCASE@=\count95
LaTeX Info: Redefining \ldots on input line 378.
LaTeX Info: Redefining \dots on input line 381.
LaTeX Info: Redefining \cdots on input line 466.
\Mathstrutbox@=\box29
\strutbox@=\box30
\big@size=\dimen111
LaTeX Font Info:    Redeclaring font encoding OML on input line 566.
LaTeX Font Info:    Redeclaring font encoding OMS on input line 567.
\macc@depth=\count96
\c@MaxMatrixCols=\count97
\dotsspace@=\muskip10
\c@parentequation=\count98
\dspbrk@lvl=\count99
\tag@help=\toks18
\row@=\count100
\column@=\count101
\maxfields@=\count102
\andhelp@=\toks19
\eqnshift@=\dimen112
\alignsep@=\dimen113
\tagshift@=\dimen114
\tagwidth@=\dimen115
\totwidth@=\dimen116
\lineht@=\dimen117
\@envbody=\toks20
\multlinegap=\skip50
\multlinetaggap=\skip51
\mathdisplay@stack=\toks21
LaTeX Info: Redefining \[ on input line 2665.
LaTeX Info: Redefining \] on input line 2666.
)
\symmathx=\mathgroup7

(./Steger+_2014_Gravlite.aux)
\openout1 = `Steger+_2014_Gravlite.aux'.

LaTeX Font Info:    Checking defaults for OML/cmm/m/it on input line 58.
LaTeX Font Info:    ... okay on input line 58.
LaTeX Font Info:    Checking defaults for T1/cmr/m/n on input line 58.
LaTeX Font Info:    ... okay on input line 58.
LaTeX Font Info:    Checking defaults for OT1/cmr/m/n on input line 58.
LaTeX Font Info:    ... okay on input line 58.
LaTeX Font Info:    Checking defaults for OMS/cmsy/m/n on input line 58.
LaTeX Font Info:    ... okay on input line 58.
LaTeX Font Info:    Checking defaults for OMX/cmex/m/n on input line 58.
LaTeX Font Info:    ... okay on input line 58.
LaTeX Font Info:    Checking defaults for U/cmr/m/n on input line 58.
LaTeX Font Info:    ... okay on input line 58.

(/usr/share/texlive/texmf-dist/tex/context/base/supp-pdf.mkii
[Loading MPS to PDF converter (version 2006.09.02).]
\scratchcounter=\count103
\scratchdimen=\dimen118
\scratchbox=\box31
\nofMPsegments=\count104
\nofMParguments=\count105
\everyMPshowfont=\toks22
\MPscratchCnt=\count106
\MPscratchDim=\dimen119
\MPnumerator=\count107
\makeMPintoPDFobject=\count108
\everyMPtoPDFconversion=\toks23
) (/usr/share/texlive/texmf-dist/tex/generic/oberdiek/pdftexcmds.sty
Package: pdftexcmds 2011/11/29 v0.20 Utility functions of pdfTeX for LuaTeX (HO
)

(/usr/share/texlive/texmf-dist/tex/generic/oberdiek/ifluatex.sty
Package: ifluatex 2010/03/01 v1.3 Provides the ifluatex switch (HO)
Package ifluatex Info: LuaTeX not detected.
)
(/usr/share/texlive/texmf-dist/tex/generic/oberdiek/ifpdf.sty
Package: ifpdf 2011/01/30 v2.3 Provides the ifpdf switch (HO)
Package ifpdf Info: pdfTeX in PDF mode is detected.
)
Package pdftexcmds Info: LuaTeX not detected.
Package pdftexcmds Info: \pdf@primitive is available.
Package pdftexcmds Info: \pdf@ifprimitive is available.
Package pdftexcmds Info: \pdfdraftmode found.
)
(/usr/share/texlive/texmf-dist/tex/latex/oberdiek/epstopdf-base.sty
Package: epstopdf-base 2010/02/09 v2.5 Base part for package epstopdf

(/usr/share/texlive/texmf-dist/tex/latex/oberdiek/grfext.sty
Package: grfext 2010/08/19 v1.1 Manage graphics extensions (HO)

(/usr/share/texlive/texmf-dist/tex/generic/oberdiek/kvdefinekeys.sty
Package: kvdefinekeys 2011/04/07 v1.3 Define keys (HO)
))
(/usr/share/texlive/texmf-dist/tex/latex/oberdiek/kvoptions.sty
Package: kvoptions 2011/06/30 v3.11 Key value format for package options (HO)

(/usr/share/texlive/texmf-dist/tex/generic/oberdiek/kvsetkeys.sty
Package: kvsetkeys 2012/04/25 v1.16 Key value parser (HO)

(/usr/share/texlive/texmf-dist/tex/generic/oberdiek/etexcmds.sty
Package: etexcmds 2011/02/16 v1.5 Avoid name clashes with e-TeX commands (HO)
Package etexcmds Info: Could not find \expanded.
(etexcmds)             That can mean that you are not using pdfTeX 1.50 or
(etexcmds)             that some package has redefined \expanded.
(etexcmds)             In the latter case, load this package earlier.
)))
Package grfext Info: Graphics extension search list:
(grfext)             [.png,.pdf,.jpg,.mps,.jpeg,.jbig2,.jb2,.PNG,.PDF,.JPG,.JPE
G,.JBIG2,.JB2,.eps]
(grfext)             \AppendGraphicsExtensions on input line 452.

(/usr/share/texlive/texmf-dist/tex/latex/latexconfig/epstopdf-sys.cfg
File: epstopdf-sys.cfg 2010/07/13 v1.3 Configuration of (r)epstopdf for TeX Liv
e
))
LaTeX Font Info:    Try loading font information for U+eur on input line 60.

(/usr/share/texlive/texmf-dist/tex/latex/amsfonts/ueur.fd
File: ueur.fd 2013/01/14 v3.01 Euler Roman
)
LaTeX Font Info:    Try loading font information for U+msa on input line 60.

(/usr/share/texlive/texmf-dist/tex/latex/amsfonts/umsa.fd
File: umsa.fd 2013/01/14 v3.01 AMS symbols A
) (./intro.tex

LaTeX Font Warning: Font shape `OT1/cmr/bx/sc' undefined
(Font)              using `OT1/cmr/bx/n' instead on input line 26.


Underfull \vbox (badness 10000) has occurred while \output is active []

LaTeX Font Info:    Try loading font information for OMS+cmr on input line 76.

(/usr/share/texlive/texmf-dist/tex/latex/base/omscmr.fd
File: omscmr.fd 1999/05/25 v2.5h Standard LaTeX font definitions
)
LaTeX Font Info:    Font shape `OMS/cmr/m/n' in size <8> not available
(Font)              Font shape `OMS/cmsy/m/n' tried instead on input line 76.
 [1{/var/lib/texmf/fonts/map/pdftex/updmap/pdftex.map}


]

Package natbib Warning: Citation `Richardson+2013' on page 2 undefined on input
 line 141.


Package natbib Warning: Citation `Richardson+2013' on page 2 undefined on input
 line 141.

) (./method.tex [2]

Package natbib Warning: Citation `Jardel+2012' on page 3 undefined on input lin
e 96.


Underfull \hbox (badness 5359) in paragraph at lines 123--127
[]\OT1/cmr/m/n/9 The de-gen-er-acy be-tween mass $\OML/cmm/m/it/9 M$ \OT1/cmr/m
/n/9 and ve-loc-ity
 []


Underfull \hbox (badness 10000) in paragraph at lines 140--143
[]\OT1/cmr/m/n/9 The den-si-ties $\OML/cmm/m/it/9 ^^Z$ \OT1/cmr/m/n/9 and $\OML
/cmm/m/it/9 ^^W[]$ \OT1/cmr/m/n/9 are rep-re-sented in
 []


Underfull \hbox (badness 7238) in paragraph at lines 140--143
\OT1/cmr/m/n/9 terms of the log-a-rith-mic den-sity slopes $\OML/cmm/m/it/9 n\O
T1/cmr/m/n/9 (\OML/cmm/m/it/9 r[]\OT1/cmr/m/n/9 ) =
 []

[3]

Package natbib Warning: Citation `Nelson+2013' on page 4 undefined on input lin
e 226.

) (./results.tex

Package natbib Warning: Citation `Osipkov1979' on page 4 undefined on input lin
e 23.


Package natbib Warning: Citation `Merritt1985' on page 4 undefined on input lin
e 24.

<fig/prof_1_pop_cusp/prof_rho_0.pdf, id=35, 150.5625pt x 150.5625pt>
File: fig/prof_1_pop_cusp/prof_rho_0.pdf Graphic file (type pdf)

<use fig/prof_1_pop_cusp/prof_rho_0.pdf>
Package pdftex.def Info: fig/prof_1_pop_cusp/prof_rho_0.pdf used on input line 
54.
(pdftex.def)             Requested size: 151.20154pt x 151.21457pt.

<fig/prof_1_pop_cusp/prof_nr_0.pdf, id=36, 150.5625pt x 150.5625pt>
File: fig/prof_1_pop_cusp/prof_nr_0.pdf Graphic file (type pdf)

<use fig/prof_1_pop_cusp/prof_nr_0.pdf>
Package pdftex.def Info: fig/prof_1_pop_cusp/prof_nr_0.pdf used on input line 5
5.
(pdftex.def)             Requested size: 151.20154pt x 151.21457pt.

<fig/prof_1_pop_cusp/prof_betastar_1.png, id=37, 150.3216pt x 150.3216pt>
File: fig/prof_1_pop_cusp/prof_betastar_1.png Graphic file (type png)

<use fig/prof_1_pop_cusp/prof_betastar_1.png>
Package pdftex.def Info: fig/prof_1_pop_cusp/prof_betastar_1.png used on input 
line 56.
(pdftex.def)             Requested size: 151.20154pt x 151.20888pt.

<fig/prof_1_pop_cusp/prof_Sig_1.pdf, id=39, 150.5625pt x 150.5625pt>
File: fig/prof_1_pop_cusp/prof_Sig_1.pdf Graphic file (type pdf)

<use fig/prof_1_pop_cusp/prof_Sig_1.pdf>
Package pdftex.def Info: fig/prof_1_pop_cusp/prof_Sig_1.pdf used on input line 
79.
(pdftex.def)             Requested size: 151.20154pt x 151.21457pt.

<fig/prof_1_pop_cusp/prof_sig_1.pdf, id=40, 150.5625pt x 150.5625pt>
File: fig/prof_1_pop_cusp/prof_sig_1.pdf Graphic file (type pdf)

<use fig/prof_1_pop_cusp/prof_sig_1.pdf>
Package pdftex.def Info: fig/prof_1_pop_cusp/prof_sig_1.pdf used on input line 
80.
(pdftex.def)             Requested size: 151.20154pt x 151.21457pt.

Underfull \hbox (badness 1215) in paragraph at lines 97--100
\OT1/cmr/bx/sc/9 to Tom's pa-pers: kappa does not re-solve den-
 []

[4] <fig/prof_2_pop_cusp/prof_rho_0.pdf, id=46, 150.5625pt x 150.5625pt>
File: fig/prof_2_pop_cusp/prof_rho_0.pdf Graphic file (type pdf)

<use fig/prof_2_pop_cusp/prof_rho_0.pdf>
Package pdftex.def Info: fig/prof_2_pop_cusp/prof_rho_0.pdf used on input line 
111.
(pdftex.def)             Requested size: 151.20154pt x 151.21457pt.

<fig/prof_2_pop_cusp/prof_nr_0.pdf, id=47, 150.5625pt x 150.5625pt>
File: fig/prof_2_pop_cusp/prof_nr_0.pdf Graphic file (type pdf)

<use fig/prof_2_pop_cusp/prof_nr_0.pdf>
Package pdftex.def Info: fig/prof_2_pop_cusp/prof_nr_0.pdf used on input line 1
12.
(pdftex.def)             Requested size: 151.20154pt x 151.21457pt.

<fig/pymcmetals.png, id=48, 433.62pt x 361.35pt>
File: fig/pymcmetals.png Graphic file (type png)
 <use fig/pymcmetals.png>
Package pdftex.def Info: fig/pymcmetals.png used on input line 142.
(pdftex.def)             Requested size: 252.0pt x 210.00218pt.

Underfull \vbox (badness 10000) has occurred while \output is active []



Package natbib Warning: Citation `Dehnen2009' on page 5 undefined on input line
 179.

[5 <./fig/prof_1_pop_cusp/prof_rho_0.pdf> <./fig/prof_1_pop_cusp/prof_nr_0.pdf

pdfTeX warning: pdflatex (file ./fig/prof_1_pop_cusp/prof_nr_0.pdf): PDF inclus
ion: multiple pdfs with page group included in a single page
> <./fig/prof_1_pop_cusp/prof_betastar_1.png> <./fig/prof_1_pop_cusp/prof_Sig_1
.pdf

pdfTeX warning: pdflatex (file ./fig/prof_1_pop_cusp/prof_Sig_1.pdf): PDF inclu
sion: multiple pdfs with page group included in a single page
> <./fig/prof_1_pop_cusp/prof_sig_1.pdf

pdfTeX warning: pdflatex (file ./fig/prof_1_pop_cusp/prof_sig_1.pdf): PDF inclu
sion: multiple pdfs with page group included in a single page
>] <fig/prof_1_pop_triax/prof_rho_0.pdf, id=165, 150.5625pt x 150.5625pt>
File: fig/prof_1_pop_triax/prof_rho_0.pdf Graphic file (type pdf)

<use fig/prof_1_pop_triax/prof_rho_0.pdf>
Package pdftex.def Info: fig/prof_1_pop_triax/prof_rho_0.pdf used on input line
 210.
(pdftex.def)             Requested size: 151.20154pt x 151.21457pt.

<fig/prof_1_pop_triax/prof_nr_0.pdf, id=166, 150.5625pt x 150.5625pt>
File: fig/prof_1_pop_triax/prof_nr_0.pdf Graphic file (type pdf)

<use fig/prof_1_pop_triax/prof_nr_0.pdf>
Package pdftex.def Info: fig/prof_1_pop_triax/prof_nr_0.pdf used on input line 
211.
(pdftex.def)             Requested size: 151.20154pt x 151.21457pt.
) (./conclusion.tex) (./acks.tex)
(./Steger+_2014_Gravlite.bbl [6 <./fig/prof_2_pop_cusp/prof_rho_0.pdf> <./fig/p
rof_2_pop_cusp/prof_nr_0.pdf

pdfTeX warning: pdflatex (file ./fig/prof_2_pop_cusp/prof_nr_0.pdf): PDF inclus
ion: multiple pdfs with page group included in a single page
> <./fig/pymcmetals.png>])

Package natbib Warning: There were undefined citations.

[7

 <./fig/prof_1_pop_triax/prof_rho_0.pdf> <./fig/prof_1_pop_triax/prof_nr_0.pdf

pdfTeX warning: pdflatex (file ./fig/prof_1_pop_triax/prof_nr_0.pdf): PDF inclu
sion: multiple pdfs with page group included in a single page
>] (./Steger+_2014_Gravlite.aux)

LaTeX Font Warning: Some font shapes were not available, defaults substituted.

 ) 
Here is how much of TeX's memory you used:
 3089 strings out of 495031
 40400 string characters out of 6181531
 113288 words of memory out of 5000000
 6212 multiletter control sequences out of 15000+600000
 21710 words of font info for 75 fonts, out of 8000000 for 9000
 14 hyphenation exceptions out of 8191
 38i,15n,34p,463b,312s stack positions out of 5000i,500n,10000p,200000b,80000s
</usr/share/texlive/texmf-dist/fonts/type1/public/amsfonts/cm/cmbx10.pfb></us
r/share/texlive/texmf-dist/fonts/type1/public/amsfonts/cm/cmbx12.pfb></usr/shar
e/texlive/texmf-dist/fonts/type1/public/amsfonts/cm/cmbx8.pfb></usr/share/texli
ve/texmf-dist/fonts/type1/public/amsfonts/cm/cmbx9.pfb></usr/share/texlive/texm
f-dist/fonts/type1/public/amsfonts/cm/cmcsc10.pfb></usr/share/texlive/texmf-dis
t/fonts/type1/public/amsfonts/cmextra/cmex9.pfb></usr/share/texlive/texmf-dist/
fonts/type1/public/amsfonts/cm/cmmi10.pfb></usr/share/texlive/texmf-dist/fonts/
type1/public/amsfonts/cm/cmmi5.pfb></usr/share/texlive/texmf-dist/fonts/type1/p
ublic/amsfonts/cm/cmmi6.pfb></usr/share/texlive/texmf-dist/fonts/type1/public/a
msfonts/cm/cmmi8.pfb></usr/share/texlive/texmf-dist/fonts/type1/public/amsfonts
/cm/cmmi9.pfb></usr/share/texlive/texmf-dist/fonts/type1/public/amsfonts/cm/cmr
10.pfb></usr/share/texlive/texmf-dist/fonts/type1/public/amsfonts/cm/cmr12.pfb>
</usr/share/texlive/texmf-dist/fonts/type1/public/amsfonts/cm/cmr5.pfb></usr/sh
are/texlive/texmf-dist/fonts/type1/public/amsfonts/cm/cmr6.pfb></usr/share/texl
ive/texmf-dist/fonts/type1/public/amsfonts/cm/cmr8.pfb></usr/share/texlive/texm
f-dist/fonts/type1/public/amsfonts/cm/cmr9.pfb></usr/share/texlive/texmf-dist/f
onts/type1/public/amsfonts/cm/cmsy5.pfb></usr/share/texlive/texmf-dist/fonts/ty
pe1/public/amsfonts/cm/cmsy6.pfb></usr/share/texlive/texmf-dist/fonts/type1/pub
lic/amsfonts/cm/cmsy8.pfb></usr/share/texlive/texmf-dist/fonts/type1/public/ams
fonts/cm/cmsy9.pfb></usr/share/texlive/texmf-dist/fonts/type1/public/amsfonts/c
m/cmti12.pfb></usr/share/texlive/texmf-dist/fonts/type1/public/amsfonts/cm/cmti
8.pfb></usr/share/texlive/texmf-dist/fonts/type1/public/amsfonts/cm/cmti9.pfb><
/usr/share/texlive/texmf-dist/fonts/type1/public/mathabx-type1/mathx10.pfb></us
r/share/texlive/texmf-dist/fonts/type1/public/amsfonts/symbols/msam10.pfb>
Output written on Steger+_2014_Gravlite.pdf (7 pages, 1844708 bytes).
PDF statistics:
 360 PDF objects out of 1000 (max. 8388607)
 246 compressed objects within 3 object streams
 0 named destinations out of 1000 (max. 500000)
 51 words of extra memory for PDF output out of 10000 (max. 10000000)

